  vcs.cpp
LINK : warning LNK4098: conflit entre la bibliothÞque par dÚfaut 'MSVCRT' et les autres bibliothÞquesá; utilisez /NODEFAULTLIB:library
LIBCMTD.lib(initializers.obj) : warning LNK4098: conflit entre la bibliothÞque par dÚfaut 'libcmt.lib' et les autres bibliothÞquesá; utilisez /NODEFAULTLIB:library
libprotobufd.lib(arena.obj) : warning LNK4099: PDB 'libprotobuf.pdb' n'a pu Ûtre trouvÚ avec 'libprotobufd.lib(arena.obj)' ou sur 'C:\Users\azalius\Documents\SC2Bot\project\x64\Debug\libprotobuf.pdb'á; l'objet sera liÚ sans informations de dÚbogage
libprotobufd.lib(arenastring.obj) : warning LNK4099: PDB 'libprotobuf.pdb' n'a pu Ûtre trouvÚ avec 'libprotobufd.lib(arenastring.obj)' ou sur 'C:\Users\azalius\Documents\SC2Bot\project\x64\Debug\libprotobuf.pdb'á; l'objet sera liÚ sans informations de dÚbogage
libprotobufd.lib(extension_set.obj) : warning LNK4099: PDB 'libprotobuf.pdb' n'a pu Ûtre trouvÚ avec 'libprotobufd.lib(extension_set.obj)' ou sur 'C:\Users\azalius\Documents\SC2Bot\project\x64\Debug\libprotobuf.pdb'á; l'objet sera liÚ sans informations de dÚbogage
libprotobufd.lib(generated_message_util.obj) : warning LNK4099: PDB 'libprotobuf.pdb' n'a pu Ûtre trouvÚ avec 'libprotobufd.lib(generated_message_util.obj)' ou sur 'C:\Users\azalius\Documents\SC2Bot\project\x64\Debug\libprotobuf.pdb'á; l'objet sera liÚ sans informations de dÚbogage
libprotobufd.lib(coded_stream.obj) : warning LNK4099: PDB 'libprotobuf.pdb' n'a pu Ûtre trouvÚ avec 'libprotobufd.lib(coded_stream.obj)' ou sur 'C:\Users\azalius\Documents\SC2Bot\project\x64\Debug\libprotobuf.pdb'á; l'objet sera liÚ sans informations de dÚbogage
libprotobufd.lib(zero_copy_stream.obj) : warning LNK4099: PDB 'libprotobuf.pdb' n'a pu Ûtre trouvÚ avec 'libprotobufd.lib(zero_copy_stream.obj)' ou sur 'C:\Users\azalius\Documents\SC2Bot\project\x64\Debug\libprotobuf.pdb'á; l'objet sera liÚ sans informations de dÚbogage
libprotobufd.lib(zero_copy_stream_impl_lite.obj) : warning LNK4099: PDB 'libprotobuf.pdb' n'a pu Ûtre trouvÚ avec 'libprotobufd.lib(zero_copy_stream_impl_lite.obj)' ou sur 'C:\Users\azalius\Documents\SC2Bot\project\x64\Debug\libprotobuf.pdb'á; l'objet sera liÚ sans informations de dÚbogage
libprotobufd.lib(message_lite.obj) : warning LNK4099: PDB 'libprotobuf.pdb' n'a pu Ûtre trouvÚ avec 'libprotobufd.lib(message_lite.obj)' ou sur 'C:\Users\azalius\Documents\SC2Bot\project\x64\Debug\libprotobuf.pdb'á; l'objet sera liÚ sans informations de dÚbogage
libprotobufd.lib(repeated_field.obj) : warning LNK4099: PDB 'libprotobuf.pdb' n'a pu Ûtre trouvÚ avec 'libprotobufd.lib(repeated_field.obj)' ou sur 'C:\Users\azalius\Documents\SC2Bot\project\x64\Debug\libprotobuf.pdb'á; l'objet sera liÚ sans informations de dÚbogage
libprotobufd.lib(atomicops_internals_x86_msvc.obj) : warning LNK4099: PDB 'libprotobuf.pdb' n'a pu Ûtre trouvÚ avec 'libprotobufd.lib(atomicops_internals_x86_msvc.obj)' ou sur 'C:\Users\azalius\Documents\SC2Bot\project\x64\Debug\libprotobuf.pdb'á; l'objet sera liÚ sans informations de dÚbogage
libprotobufd.lib(common.obj) : warning LNK4099: PDB 'libprotobuf.pdb' n'a pu Ûtre trouvÚ avec 'libprotobufd.lib(common.obj)' ou sur 'C:\Users\azalius\Documents\SC2Bot\project\x64\Debug\libprotobuf.pdb'á; l'objet sera liÚ sans informations de dÚbogage
libprotobufd.lib(int128.obj) : warning LNK4099: PDB 'libprotobuf.pdb' n'a pu Ûtre trouvÚ avec 'libprotobufd.lib(int128.obj)' ou sur 'C:\Users\azalius\Documents\SC2Bot\project\x64\Debug\libprotobuf.pdb'á; l'objet sera liÚ sans informations de dÚbogage
libprotobufd.lib(once.obj) : warning LNK4099: PDB 'libprotobuf.pdb' n'a pu Ûtre trouvÚ avec 'libprotobufd.lib(once.obj)' ou sur 'C:\Users\azalius\Documents\SC2Bot\project\x64\Debug\libprotobuf.pdb'á; l'objet sera liÚ sans informations de dÚbogage
libprotobufd.lib(status.obj) : warning LNK4099: PDB 'libprotobuf.pdb' n'a pu Ûtre trouvÚ avec 'libprotobufd.lib(status.obj)' ou sur 'C:\Users\azalius\Documents\SC2Bot\project\x64\Debug\libprotobuf.pdb'á; l'objet sera liÚ sans informations de dÚbogage
libprotobufd.lib(stringpiece.obj) : warning LNK4099: PDB 'libprotobuf.pdb' n'a pu Ûtre trouvÚ avec 'libprotobufd.lib(stringpiece.obj)' ou sur 'C:\Users\azalius\Documents\SC2Bot\project\x64\Debug\libprotobuf.pdb'á; l'objet sera liÚ sans informations de dÚbogage
libprotobufd.lib(stringprintf.obj) : warning LNK4099: PDB 'libprotobuf.pdb' n'a pu Ûtre trouvÚ avec 'libprotobufd.lib(stringprintf.obj)' ou sur 'C:\Users\azalius\Documents\SC2Bot\project\x64\Debug\libprotobuf.pdb'á; l'objet sera liÚ sans informations de dÚbogage
libprotobufd.lib(structurally_valid.obj) : warning LNK4099: PDB 'libprotobuf.pdb' n'a pu Ûtre trouvÚ avec 'libprotobufd.lib(structurally_valid.obj)' ou sur 'C:\Users\azalius\Documents\SC2Bot\project\x64\Debug\libprotobuf.pdb'á; l'objet sera liÚ sans informations de dÚbogage
libprotobufd.lib(strutil.obj) : warning LNK4099: PDB 'libprotobuf.pdb' n'a pu Ûtre trouvÚ avec 'libprotobufd.lib(strutil.obj)' ou sur 'C:\Users\azalius\Documents\SC2Bot\project\x64\Debug\libprotobuf.pdb'á; l'objet sera liÚ sans informations de dÚbogage
libprotobufd.lib(wire_format_lite.obj) : warning LNK4099: PDB 'libprotobuf.pdb' n'a pu Ûtre trouvÚ avec 'libprotobufd.lib(wire_format_lite.obj)' ou sur 'C:\Users\azalius\Documents\SC2Bot\project\x64\Debug\libprotobuf.pdb'á; l'objet sera liÚ sans informations de dÚbogage
libprotobufd.lib(any.obj) : warning LNK4099: PDB 'libprotobuf.pdb' n'a pu Ûtre trouvÚ avec 'libprotobufd.lib(any.obj)' ou sur 'C:\Users\azalius\Documents\SC2Bot\project\x64\Debug\libprotobuf.pdb'á; l'objet sera liÚ sans informations de dÚbogage
libprotobufd.lib(descriptor.obj) : warning LNK4099: PDB 'libprotobuf.pdb' n'a pu Ûtre trouvÚ avec 'libprotobufd.lib(descriptor.obj)' ou sur 'C:\Users\azalius\Documents\SC2Bot\project\x64\Debug\libprotobuf.pdb'á; l'objet sera liÚ sans informations de dÚbogage
libprotobufd.lib(descriptor.pb.obj) : warning LNK4099: PDB 'libprotobuf.pdb' n'a pu Ûtre trouvÚ avec 'libprotobufd.lib(descriptor.pb.obj)' ou sur 'C:\Users\azalius\Documents\SC2Bot\project\x64\Debug\libprotobuf.pdb'á; l'objet sera liÚ sans informations de dÚbogage
libprotobufd.lib(descriptor_database.obj) : warning LNK4099: PDB 'libprotobuf.pdb' n'a pu Ûtre trouvÚ avec 'libprotobufd.lib(descriptor_database.obj)' ou sur 'C:\Users\azalius\Documents\SC2Bot\project\x64\Debug\libprotobuf.pdb'á; l'objet sera liÚ sans informations de dÚbogage
libprotobufd.lib(dynamic_message.obj) : warning LNK4099: PDB 'libprotobuf.pdb' n'a pu Ûtre trouvÚ avec 'libprotobufd.lib(dynamic_message.obj)' ou sur 'C:\Users\azalius\Documents\SC2Bot\project\x64\Debug\libprotobuf.pdb'á; l'objet sera liÚ sans informations de dÚbogage
libprotobufd.lib(extension_set_heavy.obj) : warning LNK4099: PDB 'libprotobuf.pdb' n'a pu Ûtre trouvÚ avec 'libprotobufd.lib(extension_set_heavy.obj)' ou sur 'C:\Users\azalius\Documents\SC2Bot\project\x64\Debug\libprotobuf.pdb'á; l'objet sera liÚ sans informations de dÚbogage
libprotobufd.lib(generated_message_reflection.obj) : warning LNK4099: PDB 'libprotobuf.pdb' n'a pu Ûtre trouvÚ avec 'libprotobufd.lib(generated_message_reflection.obj)' ou sur 'C:\Users\azalius\Documents\SC2Bot\project\x64\Debug\libprotobuf.pdb'á; l'objet sera liÚ sans informations de dÚbogage
libprotobufd.lib(strtod.obj) : warning LNK4099: PDB 'libprotobuf.pdb' n'a pu Ûtre trouvÚ avec 'libprotobufd.lib(strtod.obj)' ou sur 'C:\Users\azalius\Documents\SC2Bot\project\x64\Debug\libprotobuf.pdb'á; l'objet sera liÚ sans informations de dÚbogage
libprotobufd.lib(tokenizer.obj) : warning LNK4099: PDB 'libprotobuf.pdb' n'a pu Ûtre trouvÚ avec 'libprotobufd.lib(tokenizer.obj)' ou sur 'C:\Users\azalius\Documents\SC2Bot\project\x64\Debug\libprotobuf.pdb'á; l'objet sera liÚ sans informations de dÚbogage
libprotobufd.lib(zero_copy_stream_impl.obj) : warning LNK4099: PDB 'libprotobuf.pdb' n'a pu Ûtre trouvÚ avec 'libprotobufd.lib(zero_copy_stream_impl.obj)' ou sur 'C:\Users\azalius\Documents\SC2Bot\project\x64\Debug\libprotobuf.pdb'á; l'objet sera liÚ sans informations de dÚbogage
libprotobufd.lib(map_field.obj) : warning LNK4099: PDB 'libprotobuf.pdb' n'a pu Ûtre trouvÚ avec 'libprotobufd.lib(map_field.obj)' ou sur 'C:\Users\azalius\Documents\SC2Bot\project\x64\Debug\libprotobuf.pdb'á; l'objet sera liÚ sans informations de dÚbogage
libprotobufd.lib(message.obj) : warning LNK4099: PDB 'libprotobuf.pdb' n'a pu Ûtre trouvÚ avec 'libprotobufd.lib(message.obj)' ou sur 'C:\Users\azalius\Documents\SC2Bot\project\x64\Debug\libprotobuf.pdb'á; l'objet sera liÚ sans informations de dÚbogage
libprotobufd.lib(reflection_ops.obj) : warning LNK4099: PDB 'libprotobuf.pdb' n'a pu Ûtre trouvÚ avec 'libprotobufd.lib(reflection_ops.obj)' ou sur 'C:\Users\azalius\Documents\SC2Bot\project\x64\Debug\libprotobuf.pdb'á; l'objet sera liÚ sans informations de dÚbogage
libprotobufd.lib(substitute.obj) : warning LNK4099: PDB 'libprotobuf.pdb' n'a pu Ûtre trouvÚ avec 'libprotobufd.lib(substitute.obj)' ou sur 'C:\Users\azalius\Documents\SC2Bot\project\x64\Debug\libprotobuf.pdb'á; l'objet sera liÚ sans informations de dÚbogage
libprotobufd.lib(text_format.obj) : warning LNK4099: PDB 'libprotobuf.pdb' n'a pu Ûtre trouvÚ avec 'libprotobufd.lib(text_format.obj)' ou sur 'C:\Users\azalius\Documents\SC2Bot\project\x64\Debug\libprotobuf.pdb'á; l'objet sera liÚ sans informations de dÚbogage
libprotobufd.lib(unknown_field_set.obj) : warning LNK4099: PDB 'libprotobuf.pdb' n'a pu Ûtre trouvÚ avec 'libprotobufd.lib(unknown_field_set.obj)' ou sur 'C:\Users\azalius\Documents\SC2Bot\project\x64\Debug\libprotobuf.pdb'á; l'objet sera liÚ sans informations de dÚbogage
libprotobufd.lib(wire_format.obj) : warning LNK4099: PDB 'libprotobuf.pdb' n'a pu Ûtre trouvÚ avec 'libprotobufd.lib(wire_format.obj)' ou sur 'C:\Users\azalius\Documents\SC2Bot\project\x64\Debug\libprotobuf.pdb'á; l'objet sera liÚ sans informations de dÚbogage
sc2apid.lib(sc2_map_info.obj) : warning LNK4099: PDB 'sc2api.pdb' n'a pu Ûtre trouvÚ avec 'sc2apid.lib(sc2_map_info.obj)' ou sur 'C:\Users\azalius\Documents\SC2Bot\project\x64\Debug\sc2api.pdb'á; l'objet sera liÚ sans informations de dÚbogage
sc2apid.lib(sc2_action.obj) : warning LNK4099: PDB 'sc2api.pdb' n'a pu Ûtre trouvÚ avec 'sc2apid.lib(sc2_action.obj)' ou sur 'C:\Users\azalius\Documents\SC2Bot\project\x64\Debug\sc2api.pdb'á; l'objet sera liÚ sans informations de dÚbogage
sc2apid.lib(sc2_agent.obj) : warning LNK4099: PDB 'sc2api.pdb' n'a pu Ûtre trouvÚ avec 'sc2apid.lib(sc2_agent.obj)' ou sur 'C:\Users\azalius\Documents\SC2Bot\project\x64\Debug\sc2api.pdb'á; l'objet sera liÚ sans informations de dÚbogage
sc2apid.lib(sc2_args.obj) : warning LNK4099: PDB 'sc2api.pdb' n'a pu Ûtre trouvÚ avec 'sc2apid.lib(sc2_args.obj)' ou sur 'C:\Users\azalius\Documents\SC2Bot\project\x64\Debug\sc2api.pdb'á; l'objet sera liÚ sans informations de dÚbogage
sc2apid.lib(sc2_client.obj) : warning LNK4099: PDB 'sc2api.pdb' n'a pu Ûtre trouvÚ avec 'sc2apid.lib(sc2_client.obj)' ou sur 'C:\Users\azalius\Documents\SC2Bot\project\x64\Debug\sc2api.pdb'á; l'objet sera liÚ sans informations de dÚbogage
sc2apid.lib(sc2_common.obj) : warning LNK4099: PDB 'sc2api.pdb' n'a pu Ûtre trouvÚ avec 'sc2apid.lib(sc2_common.obj)' ou sur 'C:\Users\azalius\Documents\SC2Bot\project\x64\Debug\sc2api.pdb'á; l'objet sera liÚ sans informations de dÚbogage
sc2apid.lib(sc2_connection.obj) : warning LNK4099: PDB 'sc2api.pdb' n'a pu Ûtre trouvÚ avec 'sc2apid.lib(sc2_connection.obj)' ou sur 'C:\Users\azalius\Documents\SC2Bot\project\x64\Debug\sc2api.pdb'á; l'objet sera liÚ sans informations de dÚbogage
sc2apid.lib(sc2_coordinator.obj) : warning LNK4099: PDB 'sc2api.pdb' n'a pu Ûtre trouvÚ avec 'sc2apid.lib(sc2_coordinator.obj)' ou sur 'C:\Users\azalius\Documents\SC2Bot\project\x64\Debug\sc2api.pdb'á; l'objet sera liÚ sans informations de dÚbogage
sc2apid.lib(sc2_data.obj) : warning LNK4099: PDB 'sc2api.pdb' n'a pu Ûtre trouvÚ avec 'sc2apid.lib(sc2_data.obj)' ou sur 'C:\Users\azalius\Documents\SC2Bot\project\x64\Debug\sc2api.pdb'á; l'objet sera liÚ sans informations de dÚbogage
sc2apid.lib(sc2_game_settings.obj) : warning LNK4099: PDB 'sc2api.pdb' n'a pu Ûtre trouvÚ avec 'sc2apid.lib(sc2_game_settings.obj)' ou sur 'C:\Users\azalius\Documents\SC2Bot\project\x64\Debug\sc2api.pdb'á; l'objet sera liÚ sans informations de dÚbogage
sc2apid.lib(sc2_proto_interface.obj) : warning LNK4099: PDB 'sc2api.pdb' n'a pu Ûtre trouvÚ avec 'sc2apid.lib(sc2_proto_interface.obj)' ou sur 'C:\Users\azalius\Documents\SC2Bot\project\x64\Debug\sc2api.pdb'á; l'objet sera liÚ sans informations de dÚbogage
sc2apid.lib(sc2_proto_to_pods.obj) : warning LNK4099: PDB 'sc2api.pdb' n'a pu Ûtre trouvÚ avec 'sc2apid.lib(sc2_proto_to_pods.obj)' ou sur 'C:\Users\azalius\Documents\SC2Bot\project\x64\Debug\sc2api.pdb'á; l'objet sera liÚ sans informations de dÚbogage
sc2apid.lib(sc2_replay_observer.obj) : warning LNK4099: PDB 'sc2api.pdb' n'a pu Ûtre trouvÚ avec 'sc2apid.lib(sc2_replay_observer.obj)' ou sur 'C:\Users\azalius\Documents\SC2Bot\project\x64\Debug\sc2api.pdb'á; l'objet sera liÚ sans informations de dÚbogage
sc2apid.lib(sc2_score.obj) : warning LNK4099: PDB 'sc2api.pdb' n'a pu Ûtre trouvÚ avec 'sc2apid.lib(sc2_score.obj)' ou sur 'C:\Users\azalius\Documents\SC2Bot\project\x64\Debug\sc2api.pdb'á; l'objet sera liÚ sans informations de dÚbogage
sc2apid.lib(sc2_unit.obj) : warning LNK4099: PDB 'sc2api.pdb' n'a pu Ûtre trouvÚ avec 'sc2apid.lib(sc2_unit.obj)' ou sur 'C:\Users\azalius\Documents\SC2Bot\project\x64\Debug\sc2api.pdb'á; l'objet sera liÚ sans informations de dÚbogage
sc2protocold.lib(common.pb.obj) : warning LNK4099: PDB 'sc2protocol.pdb' n'a pu Ûtre trouvÚ avec 'sc2protocold.lib(common.pb.obj)' ou sur 'C:\Users\azalius\Documents\SC2Bot\project\x64\Debug\sc2protocol.pdb'á; l'objet sera liÚ sans informations de dÚbogage
sc2protocold.lib(data.pb.obj) : warning LNK4099: PDB 'sc2protocol.pdb' n'a pu Ûtre trouvÚ avec 'sc2protocold.lib(data.pb.obj)' ou sur 'C:\Users\azalius\Documents\SC2Bot\project\x64\Debug\sc2protocol.pdb'á; l'objet sera liÚ sans informations de dÚbogage
sc2protocold.lib(debug.pb.obj) : warning LNK4099: PDB 'sc2protocol.pdb' n'a pu Ûtre trouvÚ avec 'sc2protocold.lib(debug.pb.obj)' ou sur 'C:\Users\azalius\Documents\SC2Bot\project\x64\Debug\sc2protocol.pdb'á; l'objet sera liÚ sans informations de dÚbogage
sc2protocold.lib(error.pb.obj) : warning LNK4099: PDB 'sc2protocol.pdb' n'a pu Ûtre trouvÚ avec 'sc2protocold.lib(error.pb.obj)' ou sur 'C:\Users\azalius\Documents\SC2Bot\project\x64\Debug\sc2protocol.pdb'á; l'objet sera liÚ sans informations de dÚbogage
sc2protocold.lib(query.pb.obj) : warning LNK4099: PDB 'sc2protocol.pdb' n'a pu Ûtre trouvÚ avec 'sc2protocold.lib(query.pb.obj)' ou sur 'C:\Users\azalius\Documents\SC2Bot\project\x64\Debug\sc2protocol.pdb'á; l'objet sera liÚ sans informations de dÚbogage
sc2protocold.lib(raw.pb.obj) : warning LNK4099: PDB 'sc2protocol.pdb' n'a pu Ûtre trouvÚ avec 'sc2protocold.lib(raw.pb.obj)' ou sur 'C:\Users\azalius\Documents\SC2Bot\project\x64\Debug\sc2protocol.pdb'á; l'objet sera liÚ sans informations de dÚbogage
sc2protocold.lib(sc2api.pb.obj) : warning LNK4099: PDB 'sc2protocol.pdb' n'a pu Ûtre trouvÚ avec 'sc2protocold.lib(sc2api.pb.obj)' ou sur 'C:\Users\azalius\Documents\SC2Bot\project\x64\Debug\sc2protocol.pdb'á; l'objet sera liÚ sans informations de dÚbogage
sc2protocold.lib(score.pb.obj) : warning LNK4099: PDB 'sc2protocol.pdb' n'a pu Ûtre trouvÚ avec 'sc2protocold.lib(score.pb.obj)' ou sur 'C:\Users\azalius\Documents\SC2Bot\project\x64\Debug\sc2protocol.pdb'á; l'objet sera liÚ sans informations de dÚbogage
sc2protocold.lib(spatial.pb.obj) : warning LNK4099: PDB 'sc2protocol.pdb' n'a pu Ûtre trouvÚ avec 'sc2protocold.lib(spatial.pb.obj)' ou sur 'C:\Users\azalius\Documents\SC2Bot\project\x64\Debug\sc2protocol.pdb'á; l'objet sera liÚ sans informations de dÚbogage
sc2protocold.lib(ui.pb.obj) : warning LNK4099: PDB 'sc2protocol.pdb' n'a pu Ûtre trouvÚ avec 'sc2protocold.lib(ui.pb.obj)' ou sur 'C:\Users\azalius\Documents\SC2Bot\project\x64\Debug\sc2protocol.pdb'á; l'objet sera liÚ sans informations de dÚbogage
sc2utilsd.lib(sc2_arg_parser.obj) : warning LNK4099: PDB 'sc2utils.pdb' n'a pu Ûtre trouvÚ avec 'sc2utilsd.lib(sc2_arg_parser.obj)' ou sur 'C:\Users\azalius\Documents\SC2Bot\project\x64\Debug\sc2utils.pdb'á; l'objet sera liÚ sans informations de dÚbogage
sc2utilsd.lib(sc2_manage_process.obj) : warning LNK4099: PDB 'sc2utils.pdb' n'a pu Ûtre trouvÚ avec 'sc2utilsd.lib(sc2_manage_process.obj)' ou sur 'C:\Users\azalius\Documents\SC2Bot\project\x64\Debug\sc2utils.pdb'á; l'objet sera liÚ sans informations de dÚbogage
sc2utilsd.lib(sc2_property_reader.obj) : warning LNK4099: PDB 'sc2utils.pdb' n'a pu Ûtre trouvÚ avec 'sc2utilsd.lib(sc2_property_reader.obj)' ou sur 'C:\Users\azalius\Documents\SC2Bot\project\x64\Debug\sc2utils.pdb'á; l'objet sera liÚ sans informations de dÚbogage
sc2utilsd.lib(sc2_scan_directory.obj) : warning LNK4099: PDB 'sc2utils.pdb' n'a pu Ûtre trouvÚ avec 'sc2utilsd.lib(sc2_scan_directory.obj)' ou sur 'C:\Users\azalius\Documents\SC2Bot\project\x64\Debug\sc2utils.pdb'á; l'objet sera liÚ sans informations de dÚbogage
  bot.vcxproj -> C:\Users\azalius\Documents\SC2Bot\project\x64\Debug\bot.exe
  bot.vcxproj -> C:\Users\azalius\Documents\SC2Bot\project\x64\Debug\bot.pdb (Partial PDB)
